SF:lib/common/failure.dart
DA:6,24
DA:8,1
DA:9,2
DA:13,46
DA:17,2
DA:21,12
DA:24,2
DA:28,1
LF:8
LH:8
end_of_record
SF:lib/common/network_info.dart
DA:12,0
DA:14,0
DA:15,0
LF:3
LH:0
end_of_record
SF:lib/data/datasources/db/database_helper.dart
DA:8,0
DA:12,0
DA:16,0
DA:18,0
DA:26,0
DA:27,0
DA:28,0
DA:30,0
DA:33,0
DA:34,0
DA:35,0
DA:36,0
DA:43,0
DA:44,0
DA:53,0
DA:64,0
DA:66,0
DA:67,0
DA:68,0
DA:69,0
DA:70,0
DA:71,0
DA:76,0
DA:77,0
DA:78,0
DA:81,0
DA:86,0
DA:87,0
DA:88,0
DA:91,0
DA:95,0
DA:96,0
DA:97,0
DA:100,0
DA:101,0
DA:102,0
DA:105,0
DA:109,0
DA:110,0
DA:111,0
DA:114,0
DA:117,0
DA:118,0
DA:124,0
DA:125,0
DA:126,0
LF:46
LH:0
end_of_record
SF:lib/data/datasources/movie_local_data_source.dart
DA:19,2
DA:21,1
DA:24,2
DA:27,2
DA:31,1
DA:34,2
DA:37,2
DA:41,1
DA:43,2
DA:45,1
DA:51,1
DA:53,2
DA:54,4
DA:57,1
DA:59,2
DA:60,2
DA:63,0
DA:65,0
DA:66,0
DA:67,0
DA:69,0
LF:21
LH:16
end_of_record
SF:lib/data/datasources/movie_remote_data_source.dart
DA:24,1
DA:26,1
DA:29,3
DA:30,2
DA:31,4
DA:33,1
DA:37,1
DA:40,4
DA:42,2
DA:43,3
DA:45,1
DA:49,1
DA:51,1
DA:52,3
DA:54,2
DA:55,4
DA:57,1
DA:61,1
DA:64,3
DA:66,2
DA:67,4
DA:69,1
DA:73,1
DA:76,3
DA:78,2
DA:79,4
DA:81,1
DA:85,1
DA:87,1
DA:88,3
DA:90,2
DA:91,4
DA:93,1
LF:33
LH:33
end_of_record
SF:lib/data/models/movie_detail_model.dart
DA:6,2
DA:52,1
DA:53,1
DA:54,1
DA:55,1
DA:56,1
DA:57,1
DA:58,4
DA:59,1
DA:60,1
DA:61,1
DA:62,1
DA:63,1
DA:64,1
DA:65,2
DA:66,1
DA:67,1
DA:68,1
DA:69,1
DA:70,1
DA:71,1
DA:72,1
DA:73,1
DA:74,2
DA:75,1
DA:78,0
DA:79,0
DA:80,0
DA:81,0
DA:82,0
DA:83,0
DA:84,0
DA:85,0
DA:86,0
DA:87,0
DA:88,0
DA:89,0
DA:90,0
DA:91,0
DA:92,0
DA:93,0
DA:94,0
DA:95,0
DA:96,0
DA:97,0
DA:98,0
DA:99,0
DA:102,1
DA:103,1
DA:104,1
DA:105,1
DA:106,5
DA:107,1
DA:108,1
DA:109,1
DA:110,1
DA:111,1
DA:112,1
DA:113,1
DA:114,1
DA:115,1
DA:120,1
DA:122,1
DA:123,1
DA:124,1
DA:125,1
DA:126,1
DA:127,1
DA:128,1
DA:129,1
DA:130,1
DA:131,1
DA:132,1
DA:133,1
DA:134,1
DA:135,1
DA:136,1
DA:137,1
DA:138,1
DA:139,1
DA:140,1
DA:141,1
DA:142,1
DA:143,1
LF:84
LH:62
end_of_record
SF:lib/data/models/movie_model.dart
DA:5,4
DA:37,4
DA:38,2
DA:39,2
DA:40,8
DA:41,2
DA:42,2
DA:43,2
DA:44,4
DA:45,2
DA:46,2
DA:47,2
DA:48,2
DA:49,4
DA:50,2
DA:53,2
DA:54,1
DA:55,1
DA:56,4
DA:57,1
DA:58,1
DA:59,1
DA:60,1
DA:61,1
DA:62,1
DA:63,1
DA:64,1
DA:65,1
DA:66,1
DA:69,2
DA:70,2
DA:71,2
DA:72,2
DA:73,2
DA:74,2
DA:75,2
DA:76,2
DA:77,2
DA:78,2
DA:79,2
DA:80,2
DA:81,2
DA:82,2
DA:83,2
DA:84,2
DA:88,2
DA:89,2
DA:90,2
DA:91,2
DA:92,2
DA:93,2
DA:94,2
DA:95,2
DA:96,2
DA:97,2
DA:98,2
DA:99,2
DA:100,2
DA:101,2
DA:102,2
DA:103,2
LF:61
LH:61
end_of_record
SF:lib/data/models/movie_table.dart
DA:16,2
DA:24,2
DA:25,1
DA:26,1
DA:27,1
DA:28,1
DA:31,0
DA:32,0
DA:33,0
DA:34,0
DA:35,0
DA:39,2
DA:40,1
DA:41,1
DA:42,1
DA:43,1
DA:44,1
DA:47,2
DA:48,1
DA:49,1
DA:50,1
DA:51,1
DA:54,0
DA:55,0
DA:56,0
DA:57,0
DA:58,0
DA:61,0
DA:62,0
DA:63,0
DA:64,0
DA:65,0
DA:66,0
DA:69,2
DA:70,1
DA:71,1
DA:72,1
DA:73,1
DA:74,1
DA:77,0
DA:78,0
DA:79,0
DA:80,0
DA:81,0
DA:82,0
DA:85,2
DA:87,10
LF:47
LH:25
end_of_record
SF:lib/domain/entities/movie.dart
DA:5,16
DA:22,2
DA:30,1
DA:31,1
DA:32,1
DA:33,1
DA:34,1
DA:35,1
DA:36,1
DA:40,0
DA:41,0
DA:42,0
DA:43,0
DA:44,0
DA:45,0
DA:46,0
DA:65,9
DA:66,9
DA:67,9
DA:68,9
DA:69,9
DA:70,9
DA:71,9
DA:72,9
DA:73,9
DA:74,9
DA:75,9
DA:76,9
DA:77,9
DA:78,9
DA:79,9
LF:31
LH:24
end_of_record
SF:lib/domain/entities/movie_detail.dart
DA:5,6
DA:35,2
DA:36,2
DA:37,2
DA:38,2
DA:39,2
DA:40,2
DA:41,2
DA:42,2
DA:43,2
DA:44,2
DA:45,2
DA:46,2
DA:47,2
DA:48,2
LF:15
LH:15
end_of_record
SF:lib/tv_show/data/dataSources/tv_remote_data_source.dart
DA:22,1
DA:24,1
DA:27,3
DA:28,2
DA:29,4
DA:31,1
DA:35,1
DA:38,3
DA:39,2
DA:40,4
DA:42,1
DA:46,1
DA:49,3
DA:50,2
DA:51,4
DA:53,1
DA:57,1
DA:59,1
DA:60,3
DA:61,2
DA:62,4
DA:64,1
DA:68,1
DA:70,1
DA:71,3
DA:72,2
DA:73,4
DA:75,1
DA:79,1
DA:81,4
DA:83,2
DA:84,3
DA:86,1
LF:33
LH:33
end_of_record
SF:lib/tv_show/data/models/tv_detail_model.dart
DA:6,1
DA:46,1
DA:47,1
DA:48,1
DA:49,1
DA:50,1
DA:51,4
DA:52,1
DA:53,1
DA:54,1
DA:55,1
DA:56,1
DA:57,1
DA:58,2
DA:59,1
DA:60,1
DA:61,1
DA:62,1
DA:63,1
DA:64,1
DA:65,2
DA:66,1
DA:69,0
DA:70,0
DA:71,0
DA:72,0
DA:73,0
DA:74,0
DA:75,0
DA:76,0
DA:77,0
DA:78,0
DA:79,0
DA:80,0
DA:81,0
DA:82,0
DA:83,0
DA:84,0
DA:85,0
DA:86,0
DA:87,0
DA:90,0
DA:91,0
DA:92,0
DA:93,0
DA:94,0
DA:95,0
DA:96,0
DA:97,0
DA:98,0
DA:99,0
DA:100,0
DA:101,0
DA:102,0
DA:103,0
DA:107,1
DA:108,1
DA:109,1
DA:110,1
DA:111,1
DA:112,1
DA:113,1
DA:114,1
DA:115,1
DA:116,1
DA:117,1
DA:118,1
DA:119,1
DA:120,1
DA:121,1
DA:122,1
DA:123,1
DA:124,1
DA:125,1
DA:126,1
LF:75
LH:42
end_of_record
SF:lib/tv_show/data/models/tv_model.dart
DA:19,3
DA:34,4
DA:35,2
DA:36,2
DA:37,8
DA:38,2
DA:39,2
DA:40,2
DA:41,4
DA:42,2
DA:43,2
DA:44,4
DA:45,2
DA:46,2
DA:47,2
DA:49,2
DA:50,1
DA:51,1
DA:52,4
DA:53,1
DA:54,1
DA:55,1
DA:56,1
DA:57,1
DA:58,1
DA:59,1
DA:60,1
DA:61,1
DA:62,1
DA:65,1
DA:66,1
DA:67,1
DA:68,1
DA:69,1
DA:70,1
DA:71,1
DA:72,1
DA:73,1
DA:76,1
DA:77,1
DA:78,1
DA:79,1
DA:80,1
DA:81,1
DA:82,1
DA:83,1
DA:84,1
DA:85,1
DA:86,1
DA:87,1
DA:88,1
DA:89,1
DA:90,1
LF:53
LH:53
end_of_record
SF:lib/tv_show/domain/entities/tv_show.dart
DA:4,14
DA:13,0
DA:30,9
DA:32,72
LF:4
LH:3
end_of_record
SF:lib/tv_show/domain/entities/tv_show_detail.dart
DA:5,5
DA:33,1
DA:34,1
DA:35,1
DA:36,1
DA:37,1
DA:38,1
DA:39,1
DA:40,1
DA:41,1
DA:42,1
DA:43,1
DA:44,1
DA:45,1
LF:14
LH:14
end_of_record
SF:lib/tv_show/domain/useCases/get_watch_list_status.dart
DA:6,1
DA:8,1
DA:9,2
LF:3
LH:3
end_of_record
SF:lib/common/exception.dart
DA:6,2
LF:1
LH:1
end_of_record
SF:lib/tv_show/data/models/tv_response.dart
DA:7,2
DA:9,4
DA:10,4
DA:11,6
DA:12,6
DA:15,2
DA:16,5
DA:19,0
DA:20,0
LF:9
LH:7
end_of_record
SF:lib/data/models/genre_model.dart
DA:5,3
DA:13,4
DA:14,2
DA:15,2
DA:18,0
DA:19,0
DA:20,0
DA:23,1
DA:24,3
DA:27,2
DA:28,6
LF:11
LH:8
end_of_record
SF:lib/domain/entities/genre.dart
DA:4,11
DA:12,3
DA:13,9
LF:3
LH:3
end_of_record
SF:lib/data/models/movie_response.dart
DA:7,2
DA:9,4
DA:10,4
DA:11,6
DA:12,6
DA:15,2
DA:16,5
DA:19,1
DA:20,2
LF:9
LH:9
end_of_record
SF:lib/tv_show/domain/useCases/search_tv_show.dart
DA:9,1
DA:11,1
DA:12,2
LF:3
LH:3
end_of_record
SF:lib/tv_show/domain/useCases/save_watch_list.dart
DA:9,1
DA:11,1
DA:12,2
LF:3
LH:3
end_of_record
SF:lib/tv_show/domain/useCases/get_tv_recommendation.dart
DA:9,1
DA:11,1
DA:12,2
LF:3
LH:3
end_of_record
SF:lib/tv_show/domain/useCases/get_popular_tv.dart
DA:9,2
DA:11,2
DA:12,4
LF:3
LH:3
end_of_record
SF:lib/tv_show/domain/useCases/remove_watch_list.dart
DA:8,1
DA:9,1
DA:10,2
LF:3
LH:3
end_of_record
SF:lib/tv_show/domain/useCases/get_on_air_tv.dart
DA:9,1
DA:11,1
DA:12,2
LF:3
LH:3
end_of_record
SF:lib/tv_show/domain/useCases/get_tv_detail.dart
DA:9,1
DA:11,1
DA:12,2
LF:3
LH:3
end_of_record
SF:lib/tv_show/presentation/bloc/tv_detail/tv_detail_bloc.dart
DA:21,1
DA:27,2
DA:28,2
DA:29,1
DA:30,1
DA:31,1
DA:32,2
DA:34,2
DA:35,2
DA:37,1
DA:38,4
DA:39,1
DA:40,1
DA:41,0
DA:42,1
DA:43,2
DA:53,1
DA:54,2
DA:55,1
DA:56,4
DA:57,1
DA:58,1
DA:59,1
DA:60,3
DA:65,1
DA:66,2
DA:67,1
DA:68,4
DA:69,1
DA:70,1
DA:71,1
DA:72,3
LF:32
LH:31
end_of_record
SF:lib/tv_show/presentation/bloc/tv_list/tv_list_bloc.dart
DA:16,1
DA:17,1
DA:18,2
DA:19,1
DA:20,1
DA:21,1
DA:23,2
DA:24,2
DA:25,2
DA:27,1
DA:28,1
DA:29,3
DA:30,3
DA:31,3
LF:14
LH:14
end_of_record
SF:lib/tv_show/domain/useCases/get_top_rated_tv.dart
DA:9,0
DA:11,0
DA:12,0
LF:3
LH:0
end_of_record
SF:lib/tv_show/presentation/provider/tv_detail_notifier.dart
DA:21,1
DA:31,2
DA:34,2
DA:37,2
DA:40,2
DA:43,2
DA:46,2
DA:49,1
DA:50,1
DA:51,1
DA:52,2
DA:53,2
DA:54,1
DA:55,1
DA:56,1
DA:57,2
DA:58,1
DA:60,1
DA:61,1
DA:62,1
DA:63,1
DA:64,1
DA:65,1
DA:66,1
DA:67,2
DA:69,1
DA:70,1
DA:71,1
DA:74,1
DA:75,1
DA:81,1
DA:82,2
DA:83,1
DA:84,1
DA:88,2
DA:90,1
DA:91,2
DA:93,1
DA:94,1
DA:95,2
DA:97,1
DA:98,1
DA:102,2
DA:105,1
DA:106,2
DA:108,1
DA:109,0
DA:110,0
DA:112,1
DA:113,1
DA:117,2
LF:51
LH:49
end_of_record
SF:lib/tv_show/presentation/bloc/tv_detail/tv_detail_event.dart
LF:0
LH:0
end_of_record
SF:lib/tv_show/presentation/bloc/tv_detail/tv_detail_state.dart
LF:0
LH:0
end_of_record
SF:lib/domain/usecases/save_watchlist.dart
DA:9,1
DA:11,1
DA:12,2
LF:3
LH:3
end_of_record
SF:lib/domain/usecases/remove_watchlist.dart
DA:9,1
DA:11,1
DA:12,2
LF:3
LH:3
end_of_record
SF:lib/domain/usecases/get_watchlist_status.dart
DA:6,1
DA:8,1
DA:9,2
LF:3
LH:3
end_of_record
SF:lib/domain/usecases/get_movie_recommendations.dart
DA:9,1
DA:11,1
DA:12,2
LF:3
LH:3
end_of_record
SF:lib/domain/usecases/get_movie_detail.dart
DA:9,1
DA:11,1
DA:12,2
LF:3
LH:3
end_of_record
SF:lib/common/constants.dart
DA:15,0
DA:16,0
DA:17,6
DA:19,0
DA:21,0
DA:25,0
DA:26,0
DA:27,0
DA:28,0
DA:29,0
DA:32,0
DA:33,0
LF:12
LH:1
end_of_record
SF:lib/presentation/bloc/detail_movies/detail_movies_bloc.dart
DA:21,1
DA:23,2
DA:24,2
DA:25,2
DA:26,1
DA:28,2
DA:29,2
DA:31,1
DA:32,1
DA:33,3
DA:35,1
DA:36,1
DA:38,2
DA:40,2
DA:47,1
DA:48,2
DA:49,3
DA:50,1
DA:51,4
DA:52,1
DA:53,1
DA:54,1
DA:55,3
DA:59,1
DA:60,2
DA:61,3
DA:62,1
DA:63,4
DA:64,1
DA:65,1
DA:66,1
DA:67,3
LF:32
LH:32
end_of_record
SF:lib/presentation/pages/movie_detail_page.dart
DA:23,0
DA:25,0
DA:26,0
DA:30,0
DA:32,0
DA:33,0
DA:40,0
DA:41,0
DA:42,0
DA:51,0
DA:52,0
DA:53,0
DA:58,0
DA:60,0
DA:61,0
DA:83,0
DA:84,0
DA:85,0
DA:86,0
DA:87,0
DA:88,0
DA:90,0
DA:91,0
DA:92,0
DA:99,0
DA:100,0
DA:106,0
DA:129,0
DA:130,0
DA:131,0
DA:132,0
DA:133,0
DA:134,0
DA:136,0
DA:137,0
DA:138,0
DA:145,0
DA:146,0
DA:163,0
DA:171,0
DA:172,0
DA:174,0
DA:176,0
DA:177,0
DA:178,0
DA:179,0
DA:180,0
DA:181,0
DA:182,0
DA:183,0
DA:184,0
DA:185,0
DA:186,0
DA:188,0
DA:189,0
DA:191,0
DA:193,0
DA:195,0
DA:196,0
DA:197,0
DA:198,0
DA:200,0
DA:207,0
DA:208,0
DA:209,0
DA:211,0
DA:213,0
DA:215,0
DA:216,0
DA:218,0
DA:220,0
DA:221,0
DA:222,0
DA:224,0
DA:225,0
DA:226,0
DA:227,0
DA:229,0
DA:230,0
DA:231,0
DA:235,0
DA:237,0
DA:238,0
DA:239,0
DA:240,0
DA:241,0
DA:249,0
DA:250,0
DA:251,0
DA:252,0
DA:253,0
DA:254,0
DA:260,0
DA:261,0
DA:262,0
DA:263,0
DA:264,0
DA:266,0
DA:267,0
DA:268,0
DA:272,0
DA:274,0
DA:275,0
DA:276,0
DA:277,0
DA:278,0
DA:286,0
DA:287,0
DA:288,0
DA:289,0
DA:290,0
DA:291,0
DA:298,0
DA:299,0
DA:300,0
DA:301,0
DA:306,0
DA:308,0
DA:309,0
DA:315,0
DA:317,0
DA:318,0
DA:321,0
DA:326,0
DA:328,0
DA:329,0
DA:330,0
DA:336,0
DA:338,0
DA:339,0
DA:343,0
DA:345,0
DA:346,0
DA:347,0
DA:348,0
DA:349,0
DA:354,0
DA:355,0
DA:357,0
DA:358,0
DA:360,0
DA:361,0
DA:362,0
DA:363,0
DA:365,0
DA:371,0
DA:374,0
DA:375,0
DA:377,0
DA:379,0
DA:382,0
DA:383,0
DA:385,0
DA:387,0
DA:388,0
DA:389,0
DA:390,0
DA:391,0
DA:393,0
DA:394,0
DA:395,0
DA:398,0
DA:400,0
DA:402,0
DA:403,0
DA:404,0
DA:405,0
DA:406,0
DA:407,0
DA:408,0
DA:409,0
DA:410,0
DA:412,0
DA:414,0
DA:415,0
DA:416,0
DA:418,0
DA:421,0
DA:423,0
DA:427,0
DA:429,0
DA:430,0
DA:432,0
DA:433,0
DA:435,0
DA:437,0
DA:438,0
DA:452,0
DA:454,0
DA:469,0
DA:471,0
DA:474,0
DA:475,0
DA:476,0
DA:477,0
DA:486,0
DA:488,0
DA:489,0
DA:492,0
DA:496,0
DA:499,0
DA:500,0
DA:501,0
DA:503,0
DA:504,0
DA:506,0
LF:206
LH:0
end_of_record
SF:lib/presentation/provider/movie_detail_notifier.dart
DA:22,1
DA:31,2
DA:34,2
DA:37,2
DA:40,2
DA:43,2
DA:46,2
DA:48,1
DA:49,1
DA:50,1
DA:51,2
DA:52,2
DA:53,1
DA:54,1
DA:55,1
DA:56,2
DA:57,1
DA:59,1
DA:60,1
DA:61,1
DA:62,1
DA:63,1
DA:64,1
DA:65,1
DA:66,2
DA:68,1
DA:69,1
DA:70,1
DA:73,1
DA:74,1
DA:80,2
DA:82,1
DA:83,2
DA:85,1
DA:86,1
DA:87,2
DA:89,1
DA:90,1
DA:94,2
DA:97,1
DA:98,2
DA:100,1
DA:101,0
DA:102,0
DA:104,1
DA:105,1
DA:109,2
DA:112,1
DA:113,2
DA:114,1
DA:115,1
LF:51
LH:49
end_of_record
SF:lib/tv_show/presentation/provider/search_tv_notifier.dart
DA:9,1
DA:12,2
DA:15,2
DA:18,2
DA:20,1
DA:21,1
DA:22,1
DA:24,2
DA:25,1
DA:26,1
DA:27,2
DA:28,1
DA:29,1
DA:31,1
DA:32,1
DA:33,1
DA:34,2
DA:35,1
LF:18
LH:18
end_of_record
SF:lib/domain/usecases/get_top_rated_movies.dart
DA:9,1
DA:11,1
DA:12,2
LF:3
LH:3
end_of_record
SF:lib/presentation/bloc/top_rated/top_rated_bloc.dart
DA:12,3
DA:13,2
DA:14,2
DA:15,2
DA:16,1
DA:17,4
DA:18,3
LF:7
LH:7
end_of_record
SF:lib/presentation/pages/top_rated_movies_page.dart
DA:15,1
DA:17,1
DA:18,1
DA:22,1
DA:24,1
DA:25,2
DA:29,4
DA:30,1
DA:35,2
DA:36,3
DA:40,1
DA:42,1
DA:43,1
DA:44,4
DA:46,1
DA:48,2
DA:71,1
DA:72,1
DA:73,1
DA:74,0
DA:75,3
DA:76,2
DA:77,1
DA:78,1
DA:79,1
DA:81,1
DA:83,2
DA:84,1
DA:85,1
DA:112,1
DA:113,1
DA:114,1
DA:115,3
DA:116,2
DA:117,1
DA:118,1
DA:119,1
DA:121,1
DA:123,2
DA:124,1
DA:125,1
DA:127,0
LF:42
LH:40
end_of_record
SF:lib/presentation/provider/top_rated_movies_notifier.dart
DA:9,1
DA:12,2
DA:15,2
DA:18,2
DA:20,1
DA:21,1
DA:22,1
DA:24,2
DA:26,1
DA:27,1
DA:28,2
DA:29,1
DA:30,1
DA:32,1
DA:33,1
DA:34,1
DA:35,1
LF:17
LH:17
end_of_record
SF:lib/presentation/widgets/movie_card_list.dart
DA:13,2
DA:15,2
DA:17,10
DA:18,10
DA:19,10
DA:20,10
DA:21,2
DA:23,2
DA:24,0
DA:25,0
DA:28,0
DA:31,2
DA:33,2
DA:34,2
DA:35,2
DA:41,2
DA:43,2
DA:44,2
DA:48,2
DA:50,2
DA:51,2
DA:60,2
DA:65,2
DA:66,2
DA:67,2
DA:69,4
DA:70,2
DA:72,0
DA:74,4
LF:29
LH:25
end_of_record
SF:lib/tv_show/presentation/bloc/top_rated/top_rated_tv_bloc.dart
DA:12,2
DA:13,2
DA:14,1
DA:15,1
DA:16,1
DA:18,2
DA:20,1
DA:21,4
DA:22,2
DA:23,1
DA:24,2
LF:11
LH:11
end_of_record
SF:lib/tv_show/presentation/provider/top_rated_tv_notifier.dart
DA:8,2
DA:11,2
DA:14,2
DA:16,1
DA:22,1
DA:23,1
DA:24,1
DA:26,2
DA:27,1
DA:28,1
DA:29,1
DA:30,2
DA:31,1
DA:33,1
DA:34,1
DA:35,1
DA:36,1
LF:17
LH:17
end_of_record
SF:lib/tv_show/presentation/bloc/on_air_tv/on_air_tv_bloc.dart
DA:12,2
DA:13,2
DA:14,1
DA:15,1
DA:16,1
DA:18,2
DA:20,1
DA:21,4
DA:22,2
DA:23,1
DA:24,2
LF:11
LH:11
end_of_record
SF:lib/presentation/bloc/detail_movies/detail_movies_state.dart
LF:0
LH:0
end_of_record
SF:lib/presentation/bloc/detail_movies/detail_movies_event.dart
LF:0
LH:0
end_of_record
SF:lib/presentation/bloc/top_rated/top_rated_state.dart
LF:0
LH:0
end_of_record
SF:lib/presentation/bloc/top_rated/top_rated_event.dart
LF:0
LH:0
end_of_record
SF:lib/tv_show/presentation/bloc/top_rated/top_rated_tv_state.dart
LF:0
LH:0
end_of_record
SF:lib/tv_show/presentation/bloc/top_rated/top_rated_tv_event.dart
LF:0
LH:0
end_of_record
SF:lib/tv_show/presentation/bloc/popular_tv/popular_tv_bloc.dart
DA:12,2
DA:13,2
DA:14,1
DA:15,1
DA:16,1
DA:18,2
DA:20,1
DA:21,4
DA:22,2
DA:23,1
DA:24,2
LF:11
LH:11
end_of_record
SF:lib/tv_show/presentation/bloc/search_tv/search_tv_bloc.dart
DA:13,2
DA:14,2
DA:15,1
DA:16,1
DA:17,1
DA:19,2
DA:21,1
DA:22,4
DA:23,2
DA:24,1
DA:25,2
DA:29,1
LF:12
LH:12
end_of_record
SF:lib/common/event_transformer.dart
DA:4,2
DA:5,6
LF:2
LH:2
end_of_record
SF:lib/tv_show/presentation/provider/tv_list_notifier.dart
DA:10,2
DA:13,2
DA:16,2
DA:19,2
DA:22,2
DA:25,2
DA:28,2
DA:30,1
DA:40,1
DA:41,1
DA:42,1
DA:44,2
DA:45,1
DA:46,1
DA:47,1
DA:48,2
DA:49,1
DA:51,1
DA:52,1
DA:53,1
DA:54,1
DA:59,1
DA:60,1
DA:61,1
DA:63,2
DA:64,1
DA:65,1
DA:66,1
DA:67,2
DA:68,1
DA:70,1
DA:71,1
DA:72,1
DA:73,1
DA:78,1
DA:79,1
DA:80,2
DA:81,1
DA:82,1
DA:83,1
DA:84,2
DA:86,1
DA:87,1
DA:88,1
DA:91,1
LF:45
LH:45
end_of_record
SF:lib/tv_show/presentation/provider/popular_tv_notifier.dart
DA:8,2
DA:11,2
DA:14,2
DA:16,1
DA:22,1
DA:23,1
DA:24,1
DA:26,2
DA:27,1
DA:28,1
DA:29,1
DA:30,2
DA:31,1
DA:33,1
DA:34,1
DA:35,1
DA:36,1
DA:37,2
LF:18
LH:18
end_of_record
SF:lib/domain/usecases/get_popular_movies.dart
DA:9,1
DA:11,1
DA:12,2
LF:3
LH:3
end_of_record
SF:lib/domain/usecases/search_movies.dart
DA:9,1
DA:11,1
DA:12,2
LF:3
LH:3
end_of_record
SF:lib/domain/usecases/get_now_playing_movies.dart
DA:9,1
DA:11,1
DA:12,2
LF:3
LH:3
end_of_record
SF:lib/domain/usecases/get_watchlist_movies.dart
DA:9,1
DA:11,1
DA:12,2
LF:3
LH:3
end_of_record
SF:lib/data/repositories/movie_repository_impl.dart
DA:18,1
DA:24,1
DA:26,2
DA:28,2
DA:29,2
DA:30,4
DA:31,5
DA:32,1
DA:33,0
DA:34,1
DA:35,2
DA:39,2
DA:40,5
DA:41,1
DA:42,3
DA:48,1
DA:51,2
DA:52,2
DA:53,1
DA:54,2
DA:55,1
DA:56,2
DA:60,1
DA:63,2
DA:64,3
DA:65,1
DA:66,2
DA:67,1
DA:68,2
DA:72,1
DA:75,2
DA:76,5
DA:77,1
DA:78,2
DA:79,1
DA:80,2
DA:84,1
DA:87,2
DA:88,5
DA:89,1
DA:90,2
DA:91,1
DA:92,2
DA:96,1
DA:99,2
DA:100,5
DA:101,1
DA:102,2
DA:103,1
DA:104,2
DA:108,1
DA:112,3
DA:113,1
DA:114,1
DA:115,3
DA:121,1
DA:125,3
DA:126,1
DA:127,1
DA:128,3
DA:132,1
DA:134,2
DA:138,1
DA:140,2
DA:141,5
LF:65
LH:64
end_of_record
SF:lib/presentation/bloc/popular_movies/popular_movies_bloc.dart
DA:12,1
DA:13,1
DA:14,2
DA:15,1
DA:16,1
DA:17,1
DA:18,2
DA:19,1
DA:20,4
DA:21,3
LF:10
LH:10
end_of_record
SF:lib/tv_show/presentation/bloc/popular_tv/popular_tv_event.dart
LF:0
LH:0
end_of_record
SF:lib/tv_show/presentation/bloc/popular_tv/popular_tv_state.dart
LF:0
LH:0
end_of_record
SF:lib/presentation/bloc/now_playing/now_playing_movies_bloc.dart
DA:13,3
DA:14,2
DA:15,1
DA:16,2
DA:17,1
DA:18,4
DA:19,3
LF:7
LH:7
end_of_record
SF:lib/presentation/bloc/search_bloc.dart
DA:13,3
DA:14,1
DA:15,1
DA:16,1
DA:18,2
DA:19,2
DA:21,1
DA:22,1
DA:23,3
DA:25,1
DA:26,2
DA:30,1
LF:12
LH:12
end_of_record
SF:lib/presentation/bloc/search_state.dart
DA:4,1
DA:6,1
DA:7,1
DA:17,1
DA:19,1
DA:20,2
DA:26,1
DA:28,1
DA:29,2
LF:9
LH:9
end_of_record
SF:lib/presentation/bloc/search_event.dart
DA:4,1
DA:6,0
DA:7,0
DA:13,1
DA:15,0
DA:16,0
LF:6
LH:2
end_of_record
SF:lib/tv_show/presentation/bloc/search_tv/search_tv_event.dart
LF:0
LH:0
end_of_record
SF:lib/tv_show/presentation/bloc/search_tv/search_tv_state.dart
LF:0
LH:0
end_of_record
SF:lib/presentation/bloc/popular_movies/popular_movies_state.dart
LF:0
LH:0
end_of_record
SF:lib/presentation/bloc/popular_movies/popular_movies_event.dart
LF:0
LH:0
end_of_record
SF:lib/presentation/bloc/list_movies/list_movies_bloc.dart
DA:16,1
DA:18,1
DA:19,2
DA:20,1
DA:21,1
DA:22,4
DA:24,2
DA:25,2
DA:26,2
DA:28,4
DA:29,3
DA:30,3
DA:31,3
DA:35,0
DA:37,0
LF:15
LH:13
end_of_record
SF:lib/presentation/provider/popular_movies_notifier.dart
DA:9,1
DA:12,2
DA:15,2
DA:18,2
DA:20,1
DA:21,1
DA:22,1
DA:24,2
DA:26,1
DA:27,1
DA:28,2
DA:29,1
DA:30,1
DA:32,1
DA:33,1
DA:34,1
DA:35,1
LF:17
LH:17
end_of_record
SF:lib/presentation/provider/watchlist_movie_notifier.dart
DA:9,2
DA:12,0
DA:15,2
DA:18,2
DA:20,1
DA:24,1
DA:25,1
DA:26,1
DA:28,2
DA:29,1
DA:30,1
DA:31,1
DA:32,2
DA:33,1
DA:35,1
DA:36,1
DA:37,4
DA:38,3
DA:39,1
DA:40,1
DA:41,4
DA:42,1
DA:43,1
DA:44,2
DA:45,4
DA:47,1
DA:48,1
LF:27
LH:26
end_of_record
SF:lib/presentation/provider/movie_search_notifier.dart
DA:9,1
DA:12,2
DA:15,2
DA:18,2
DA:20,1
DA:21,1
DA:22,1
DA:24,2
DA:25,1
DA:26,1
DA:27,2
DA:28,1
DA:29,1
DA:31,1
DA:32,1
DA:33,1
DA:34,1
LF:17
LH:17
end_of_record
SF:lib/presentation/provider/movie_list_notifier.dart
DA:10,2
DA:13,2
DA:16,2
DA:19,2
DA:22,2
DA:25,2
DA:28,2
DA:30,1
DA:40,1
DA:41,1
DA:42,1
DA:44,2
DA:45,1
DA:46,1
DA:47,1
DA:48,2
DA:49,1
DA:51,1
DA:52,1
DA:53,1
DA:54,1
DA:59,1
DA:60,1
DA:61,1
DA:63,2
DA:64,1
DA:65,1
DA:66,1
DA:67,2
DA:68,1
DA:70,1
DA:71,1
DA:72,1
DA:73,1
DA:78,1
DA:79,1
DA:80,1
DA:82,2
DA:83,1
DA:84,1
DA:85,1
DA:86,2
DA:87,1
DA:89,1
DA:90,1
DA:91,1
DA:92,1
LF:47
LH:47
end_of_record
